<?xml version="1.0" encoding="UTF-8"?>
<!-- Generated by org.testng.reporters.JUnitReportReporter -->
<testsuite skipped="0" hostname="ASDP1732PO02529" name="training.assignment.AutomateTest" tests="1" failures="0" timestamp="11 Jul 2017 07:39:08 GMT" time="3.632" errors="0">
  <testcase name="verifyTest" time="3.632" classname="training.assignment.AutomateTest"/>
</testsuite> <!-- training.assignment.AutomateTest -->
