<?xml version="1.0" encoding="UTF-8"?>
<!-- Generated by org.testng.reporters.JUnitReportReporter -->
<testsuite skipped="0" hostname="ASDP1732PO02529" name="training.assignment.ApiTest" tests="2" failures="0" timestamp="11 Jul 2017 07:39:08 GMT" time="3.474" errors="0">
  <testcase name="verify" time="2.957" classname="training.assignment.ApiTest"/>
  <testcase name="verifyThroughList" time="0.517" classname="training.assignment.ApiTest"/>
</testsuite> <!-- training.assignment.ApiTest -->
